Start testing: Apr 12 02:08 MSK
----------------------------------------------------------
1/5 Testing: ZeroEndTest1.BasicAssertions
1/5 Test: ZeroEndTest1.BasicAssertions
Command: "/home/vadim/vk_ads/seminars/seminar_1/unit_tests/build/ZerosEndTest1" "--gtest_filter=ZeroEndTest1.BasicAssertions" "--gtest_also_run_disabled_tests"
Directory: /home/vadim/vk_ads/seminars/seminar_1/unit_tests/build
"ZeroEndTest1.BasicAssertions" start time: Apr 12 02:08 MSK
Output:
----------------------------------------------------------
Running main() from /home/vadim/vk_ads/seminars/seminar_1/unit_tests/build/_deps/googletest-src/googletest/src/gtest_main.cc
Note: Google Test filter = ZeroEndTest1.BasicAssertions
[==========] Running 1 test from 1 test suite.
[----------] Global test environment set-up.
[----------] 1 test from ZeroEndTest1
[ RUN      ] ZeroEndTest1.BasicAssertions
Input data: 1 2 0 100 10 2 0 1 0 1 1 1 
Expected data: 1 2 1 100 10 2 1 1 1 0 0 0 
Result data: 1 2 1 100 10 2 1 1 1 0 0 0 
[       OK ] ZeroEndTest1.BasicAssertions (0 ms)
[----------] 1 test from ZeroEndTest1 (0 ms total)

[----------] Global test environment tear-down
[==========] 1 test from 1 test suite ran. (0 ms total)
[  PASSED  ] 1 test.
<end of output>
Test time =   0.00 sec
----------------------------------------------------------
Test Passed.
"ZeroEndTest1.BasicAssertions" end time: Apr 12 02:08 MSK
"ZeroEndTest1.BasicAssertions" time elapsed: 00:00:00
----------------------------------------------------------

2/5 Testing: ZeroEndTest2.BasicAssertions
2/5 Test: ZeroEndTest2.BasicAssertions
Command: "/home/vadim/vk_ads/seminars/seminar_1/unit_tests/build/ZerosEndTest1" "--gtest_filter=ZeroEndTest2.BasicAssertions" "--gtest_also_run_disabled_tests"
Directory: /home/vadim/vk_ads/seminars/seminar_1/unit_tests/build
"ZeroEndTest2.BasicAssertions" start time: Apr 12 02:08 MSK
Output:
----------------------------------------------------------
Running main() from /home/vadim/vk_ads/seminars/seminar_1/unit_tests/build/_deps/googletest-src/googletest/src/gtest_main.cc
Note: Google Test filter = ZeroEndTest2.BasicAssertions
[==========] Running 1 test from 1 test suite.
[----------] Global test environment set-up.
[----------] 1 test from ZeroEndTest2
[ RUN      ] ZeroEndTest2.BasicAssertions
Input data: 0 33 57 88 60 0 0 80 99 
Expected data: 99 33 57 88 60 80 0 0 0 
Result data: 99 33 57 88 60 80 0 0 0 
[       OK ] ZeroEndTest2.BasicAssertions (0 ms)
[----------] 1 test from ZeroEndTest2 (0 ms total)

[----------] Global test environment tear-down
[==========] 1 test from 1 test suite ran. (0 ms total)
[  PASSED  ] 1 test.
<end of output>
Test time =   0.00 sec
----------------------------------------------------------
Test Passed.
"ZeroEndTest2.BasicAssertions" end time: Apr 12 02:08 MSK
"ZeroEndTest2.BasicAssertions" time elapsed: 00:00:00
----------------------------------------------------------

3/5 Testing: ZeroEndTest3.BasicAssertions
3/5 Test: ZeroEndTest3.BasicAssertions
Command: "/home/vadim/vk_ads/seminars/seminar_1/unit_tests/build/ZerosEndTest1" "--gtest_filter=ZeroEndTest3.BasicAssertions" "--gtest_also_run_disabled_tests"
Directory: /home/vadim/vk_ads/seminars/seminar_1/unit_tests/build
"ZeroEndTest3.BasicAssertions" start time: Apr 12 02:08 MSK
Output:
----------------------------------------------------------
Running main() from /home/vadim/vk_ads/seminars/seminar_1/unit_tests/build/_deps/googletest-src/googletest/src/gtest_main.cc
Note: Google Test filter = ZeroEndTest3.BasicAssertions
[==========] Running 1 test from 1 test suite.
[----------] Global test environment set-up.
[----------] 1 test from ZeroEndTest3
[ RUN      ] ZeroEndTest3.BasicAssertions
Input data: 0 0 0 18 16 0 0 77 99 
Expected data: 16 77 99 18 0 0 0 0 0 
Result data: 16 77 99 18 0 0 0 0 0 
[       OK ] ZeroEndTest3.BasicAssertions (0 ms)
[----------] 1 test from ZeroEndTest3 (0 ms total)

[----------] Global test environment tear-down
[==========] 1 test from 1 test suite ran. (0 ms total)
[  PASSED  ] 1 test.
<end of output>
Test time =   0.00 sec
----------------------------------------------------------
Test Passed.
"ZeroEndTest3.BasicAssertions" end time: Apr 12 02:08 MSK
"ZeroEndTest3.BasicAssertions" time elapsed: 00:00:00
----------------------------------------------------------

4/5 Testing: ZeroEndTest4.BasicAssertions
4/5 Test: ZeroEndTest4.BasicAssertions
Command: "/home/vadim/vk_ads/seminars/seminar_1/unit_tests/build/ZerosEndTest1" "--gtest_filter=ZeroEndTest4.BasicAssertions" "--gtest_also_run_disabled_tests"
Directory: /home/vadim/vk_ads/seminars/seminar_1/unit_tests/build
"ZeroEndTest4.BasicAssertions" start time: Apr 12 02:08 MSK
Output:
----------------------------------------------------------
Running main() from /home/vadim/vk_ads/seminars/seminar_1/unit_tests/build/_deps/googletest-src/googletest/src/gtest_main.cc
Note: Google Test filter = ZeroEndTest4.BasicAssertions
[==========] Running 1 test from 1 test suite.
[----------] Global test environment set-up.
[----------] 1 test from ZeroEndTest4
[ RUN      ] ZeroEndTest4.BasicAssertions
Input data: 0 0 0 2 18 1 3 102 16 0 0 200 8 0 77 99 0 
Expected data: 77 200 8 2 18 1 3 102 16 99 0 0 0 0 0 0 0 
Result data: 77 200 8 2 18 1 3 102 16 99 0 0 0 0 0 0 0 
[       OK ] ZeroEndTest4.BasicAssertions (0 ms)
[----------] 1 test from ZeroEndTest4 (0 ms total)

[----------] Global test environment tear-down
[==========] 1 test from 1 test suite ran. (0 ms total)
[  PASSED  ] 1 test.
<end of output>
Test time =   0.00 sec
----------------------------------------------------------
Test Passed.
"ZeroEndTest4.BasicAssertions" end time: Apr 12 02:08 MSK
"ZeroEndTest4.BasicAssertions" time elapsed: 00:00:00
----------------------------------------------------------

5/5 Testing: ZeroEndTest5.BasicAssertions
5/5 Test: ZeroEndTest5.BasicAssertions
Command: "/home/vadim/vk_ads/seminars/seminar_1/unit_tests/build/ZerosEndTest1" "--gtest_filter=ZeroEndTest5.BasicAssertions" "--gtest_also_run_disabled_tests"
Directory: /home/vadim/vk_ads/seminars/seminar_1/unit_tests/build
"ZeroEndTest5.BasicAssertions" start time: Apr 12 02:08 MSK
Output:
----------------------------------------------------------
Running main() from /home/vadim/vk_ads/seminars/seminar_1/unit_tests/build/_deps/googletest-src/googletest/src/gtest_main.cc
Note: Google Test filter = ZeroEndTest5.BasicAssertions
[==========] Running 1 test from 1 test suite.
[----------] Global test environment set-up.
[----------] 1 test from ZeroEndTest5
[ RUN      ] ZeroEndTest5.BasicAssertions
Input data: 0 0 1 
Expected data: 1 0 0 
Result data: 1 0 0 
[       OK ] ZeroEndTest5.BasicAssertions (0 ms)
[----------] 1 test from ZeroEndTest5 (0 ms total)

[----------] Global test environment tear-down
[==========] 1 test from 1 test suite ran. (0 ms total)
[  PASSED  ] 1 test.
<end of output>
Test time =   0.00 sec
----------------------------------------------------------
Test Passed.
"ZeroEndTest5.BasicAssertions" end time: Apr 12 02:08 MSK
"ZeroEndTest5.BasicAssertions" time elapsed: 00:00:00
----------------------------------------------------------

End testing: Apr 12 02:08 MSK
