Start testing: Mar 21 23:42 MSK
----------------------------------------------------------
1/3 Testing: MergeListTest1.BasicAssertions
1/3 Test: MergeListTest1.BasicAssertions
Command: "/home/vadim/vk_ads/seminars/seminar_2/hometask2/unit_tests/build/MergeListTest1" "--gtest_filter=MergeListTest1.BasicAssertions" "--gtest_also_run_disabled_tests"
Directory: /home/vadim/vk_ads/seminars/seminar_2/hometask2/unit_tests/build
"MergeListTest1.BasicAssertions" start time: Mar 21 23:42 MSK
Output:
----------------------------------------------------------
Running main() from /home/vadim/vk_ads/seminars/seminar_2/hometask2/unit_tests/build/_deps/googletest-src/googletest/src/gtest_main.cc
Note: Google Test filter = MergeListTest1.BasicAssertions
[==========] Running 1 test from 1 test suite.
[----------] Global test environment set-up.
[----------] 1 test from MergeListTest1
[ RUN      ] MergeListTest1.BasicAssertions
[       OK ] MergeListTest1.BasicAssertions (0 ms)
[----------] 1 test from MergeListTest1 (0 ms total)

[----------] Global test environment tear-down
[==========] 1 test from 1 test suite ran. (0 ms total)
[  PASSED  ] 1 test.
<end of output>
Test time =   0.01 sec
----------------------------------------------------------
Test Passed.
"MergeListTest1.BasicAssertions" end time: Mar 21 23:42 MSK
"MergeListTest1.BasicAssertions" time elapsed: 00:00:00
----------------------------------------------------------

2/3 Testing: MergeListTest2.BasicAssertions
2/3 Test: MergeListTest2.BasicAssertions
Command: "/home/vadim/vk_ads/seminars/seminar_2/hometask2/unit_tests/build/MergeListTest1" "--gtest_filter=MergeListTest2.BasicAssertions" "--gtest_also_run_disabled_tests"
Directory: /home/vadim/vk_ads/seminars/seminar_2/hometask2/unit_tests/build
"MergeListTest2.BasicAssertions" start time: Mar 21 23:42 MSK
Output:
----------------------------------------------------------
Running main() from /home/vadim/vk_ads/seminars/seminar_2/hometask2/unit_tests/build/_deps/googletest-src/googletest/src/gtest_main.cc
Note: Google Test filter = MergeListTest2.BasicAssertions
[==========] Running 1 test from 1 test suite.
[----------] Global test environment set-up.
[----------] 1 test from MergeListTest2
[ RUN      ] MergeListTest2.BasicAssertions
[       OK ] MergeListTest2.BasicAssertions (0 ms)
[----------] 1 test from MergeListTest2 (0 ms total)

[----------] Global test environment tear-down
[==========] 1 test from 1 test suite ran. (0 ms total)
[  PASSED  ] 1 test.
<end of output>
Test time =   0.00 sec
----------------------------------------------------------
Test Passed.
"MergeListTest2.BasicAssertions" end time: Mar 21 23:42 MSK
"MergeListTest2.BasicAssertions" time elapsed: 00:00:00
----------------------------------------------------------

3/3 Testing: MergeListTest3.BasicAssertions
3/3 Test: MergeListTest3.BasicAssertions
Command: "/home/vadim/vk_ads/seminars/seminar_2/hometask2/unit_tests/build/MergeListTest1" "--gtest_filter=MergeListTest3.BasicAssertions" "--gtest_also_run_disabled_tests"
Directory: /home/vadim/vk_ads/seminars/seminar_2/hometask2/unit_tests/build
"MergeListTest3.BasicAssertions" start time: Mar 21 23:42 MSK
Output:
----------------------------------------------------------
Running main() from /home/vadim/vk_ads/seminars/seminar_2/hometask2/unit_tests/build/_deps/googletest-src/googletest/src/gtest_main.cc
Note: Google Test filter = MergeListTest3.BasicAssertions
[==========] Running 1 test from 1 test suite.
[----------] Global test environment set-up.
[----------] 1 test from MergeListTest3
[ RUN      ] MergeListTest3.BasicAssertions
[       OK ] MergeListTest3.BasicAssertions (0 ms)
[----------] 1 test from MergeListTest3 (0 ms total)

[----------] Global test environment tear-down
[==========] 1 test from 1 test suite ran. (0 ms total)
[  PASSED  ] 1 test.
<end of output>
Test time =   0.00 sec
----------------------------------------------------------
Test Passed.
"MergeListTest3.BasicAssertions" end time: Mar 21 23:42 MSK
"MergeListTest3.BasicAssertions" time elapsed: 00:00:00
----------------------------------------------------------

End testing: Mar 21 23:42 MSK
