Start testing: Mar 25 22:25 MSK
----------------------------------------------------------
1/5 Testing: EndZeroTest1.BasicAssertions
1/5 Test: EndZeroTest1.BasicAssertions
Command: "/home/vadim/vk_ads/seminars/seminar_1/hometask1/unit_tests/build/ZerosEndTest1" "--gtest_filter=EndZeroTest1.BasicAssertions" "--gtest_also_run_disabled_tests"
Directory: /home/vadim/vk_ads/seminars/seminar_1/hometask1/unit_tests/build
"EndZeroTest1.BasicAssertions" start time: Mar 25 22:25 MSK
Output:
----------------------------------------------------------
Running main() from /home/vadim/vk_ads/seminars/seminar_1/hometask1/unit_tests/build/_deps/googletest-src/googletest/src/gtest_main.cc
Note: Google Test filter = EndZeroTest1.BasicAssertions
[==========] Running 1 test from 1 test suite.
[----------] Global test environment set-up.
[----------] 1 test from EndZeroTest1
[ RUN      ] EndZeroTest1.BasicAssertions
[       OK ] EndZeroTest1.BasicAssertions (0 ms)
[----------] 1 test from EndZeroTest1 (0 ms total)

[----------] Global test environment tear-down
[==========] 1 test from 1 test suite ran. (0 ms total)
[  PASSED  ] 1 test.
<end of output>
Test time =   0.00 sec
----------------------------------------------------------
Test Passed.
"EndZeroTest1.BasicAssertions" end time: Mar 25 22:25 MSK
"EndZeroTest1.BasicAssertions" time elapsed: 00:00:00
----------------------------------------------------------

2/5 Testing: EndZeroTest2.BasicAssertions
2/5 Test: EndZeroTest2.BasicAssertions
Command: "/home/vadim/vk_ads/seminars/seminar_1/hometask1/unit_tests/build/ZerosEndTest1" "--gtest_filter=EndZeroTest2.BasicAssertions" "--gtest_also_run_disabled_tests"
Directory: /home/vadim/vk_ads/seminars/seminar_1/hometask1/unit_tests/build
"EndZeroTest2.BasicAssertions" start time: Mar 25 22:25 MSK
Output:
----------------------------------------------------------
Running main() from /home/vadim/vk_ads/seminars/seminar_1/hometask1/unit_tests/build/_deps/googletest-src/googletest/src/gtest_main.cc
Note: Google Test filter = EndZeroTest2.BasicAssertions
[==========] Running 1 test from 1 test suite.
[----------] Global test environment set-up.
[----------] 1 test from EndZeroTest2
[ RUN      ] EndZeroTest2.BasicAssertions
[       OK ] EndZeroTest2.BasicAssertions (0 ms)
[----------] 1 test from EndZeroTest2 (0 ms total)

[----------] Global test environment tear-down
[==========] 1 test from 1 test suite ran. (0 ms total)
[  PASSED  ] 1 test.
<end of output>
Test time =   0.00 sec
----------------------------------------------------------
Test Passed.
"EndZeroTest2.BasicAssertions" end time: Mar 25 22:25 MSK
"EndZeroTest2.BasicAssertions" time elapsed: 00:00:00
----------------------------------------------------------

3/5 Testing: EndZeroTest3.BasicAssertions
3/5 Test: EndZeroTest3.BasicAssertions
Command: "/home/vadim/vk_ads/seminars/seminar_1/hometask1/unit_tests/build/ZerosEndTest1" "--gtest_filter=EndZeroTest3.BasicAssertions" "--gtest_also_run_disabled_tests"
Directory: /home/vadim/vk_ads/seminars/seminar_1/hometask1/unit_tests/build
"EndZeroTest3.BasicAssertions" start time: Mar 25 22:25 MSK
Output:
----------------------------------------------------------
Running main() from /home/vadim/vk_ads/seminars/seminar_1/hometask1/unit_tests/build/_deps/googletest-src/googletest/src/gtest_main.cc
Note: Google Test filter = EndZeroTest3.BasicAssertions
[==========] Running 1 test from 1 test suite.
[----------] Global test environment set-up.
[----------] 1 test from EndZeroTest3
[ RUN      ] EndZeroTest3.BasicAssertions
[       OK ] EndZeroTest3.BasicAssertions (0 ms)
[----------] 1 test from EndZeroTest3 (0 ms total)

[----------] Global test environment tear-down
[==========] 1 test from 1 test suite ran. (0 ms total)
[  PASSED  ] 1 test.
<end of output>
Test time =   0.00 sec
----------------------------------------------------------
Test Passed.
"EndZeroTest3.BasicAssertions" end time: Mar 25 22:25 MSK
"EndZeroTest3.BasicAssertions" time elapsed: 00:00:00
----------------------------------------------------------

4/5 Testing: EndZeroTest4.BasicAssertions
4/5 Test: EndZeroTest4.BasicAssertions
Command: "/home/vadim/vk_ads/seminars/seminar_1/hometask1/unit_tests/build/ZerosEndTest1" "--gtest_filter=EndZeroTest4.BasicAssertions" "--gtest_also_run_disabled_tests"
Directory: /home/vadim/vk_ads/seminars/seminar_1/hometask1/unit_tests/build
"EndZeroTest4.BasicAssertions" start time: Mar 25 22:25 MSK
Output:
----------------------------------------------------------
Running main() from /home/vadim/vk_ads/seminars/seminar_1/hometask1/unit_tests/build/_deps/googletest-src/googletest/src/gtest_main.cc
Note: Google Test filter = EndZeroTest4.BasicAssertions
[==========] Running 1 test from 1 test suite.
[----------] Global test environment set-up.
[----------] 1 test from EndZeroTest4
[ RUN      ] EndZeroTest4.BasicAssertions
[       OK ] EndZeroTest4.BasicAssertions (0 ms)
[----------] 1 test from EndZeroTest4 (0 ms total)

[----------] Global test environment tear-down
[==========] 1 test from 1 test suite ran. (0 ms total)
[  PASSED  ] 1 test.
<end of output>
Test time =   0.00 sec
----------------------------------------------------------
Test Passed.
"EndZeroTest4.BasicAssertions" end time: Mar 25 22:25 MSK
"EndZeroTest4.BasicAssertions" time elapsed: 00:00:00
----------------------------------------------------------

5/5 Testing: EndZeroTest5.BasicAssertions
5/5 Test: EndZeroTest5.BasicAssertions
Command: "/home/vadim/vk_ads/seminars/seminar_1/hometask1/unit_tests/build/ZerosEndTest1" "--gtest_filter=EndZeroTest5.BasicAssertions" "--gtest_also_run_disabled_tests"
Directory: /home/vadim/vk_ads/seminars/seminar_1/hometask1/unit_tests/build
"EndZeroTest5.BasicAssertions" start time: Mar 25 22:25 MSK
Output:
----------------------------------------------------------
Running main() from /home/vadim/vk_ads/seminars/seminar_1/hometask1/unit_tests/build/_deps/googletest-src/googletest/src/gtest_main.cc
Note: Google Test filter = EndZeroTest5.BasicAssertions
[==========] Running 1 test from 1 test suite.
[----------] Global test environment set-up.
[----------] 1 test from EndZeroTest5
[ RUN      ] EndZeroTest5.BasicAssertions
[       OK ] EndZeroTest5.BasicAssertions (0 ms)
[----------] 1 test from EndZeroTest5 (0 ms total)

[----------] Global test environment tear-down
[==========] 1 test from 1 test suite ran. (0 ms total)
[  PASSED  ] 1 test.
<end of output>
Test time =   0.00 sec
----------------------------------------------------------
Test Passed.
"EndZeroTest5.BasicAssertions" end time: Mar 25 22:25 MSK
"EndZeroTest5.BasicAssertions" time elapsed: 00:00:00
----------------------------------------------------------

End testing: Mar 25 22:25 MSK
